<?xml version="1.0" encoding="UTF-8"?>
<!-- Generated by org.testng.reporters.JUnitReportReporter -->
<testsuite hostname="LAPTOP-J15UI2E7" failures="1" tests="4" name="StepDefinitions.TestRunner" time="28.967" errors="0" timestamp="2021-12-16T22:55:06 IST" skipped="0">
  <testcase classname="StepDefinitions.TestRunner" name="runScenario" time="6.106"/>
  <system-out/>
  <testcase classname="StepDefinitions.TestRunner" name="runScenario" time="6.829"/>
  <system-out/>
  <testcase classname="StepDefinitions.TestRunner" name="runScenario" time="6.243">
    <failure message="expected [https://www.saucedemo.com/inventory.html] but found [https://www.saucedemo.com/]" type="java.lang.AssertionError">
      <![CDATA[java.lang.AssertionError: expected [https://www.saucedemo.com/inventory.html] but found [https://www.saucedemo.com/]
at org.testng.Assert.fail(Assert.java:99)
at org.testng.Assert.failNotEquals(Assert.java:1037)
at org.testng.Assert.assertEqualsImpl(Assert.java:140)
at org.testng.Assert.assertEquals(Assert.java:122)
at org.testng.Assert.assertEquals(Assert.java:629)
at org.testng.Assert.assertEquals(Assert.java:639)
at StepDefinitions.LoginPageStepDefinitions.user_should_be_directed_to_product_catalog_page(LoginPageStepDefinitions.java:66)
at âœ½.user should be directed to product catalog page(file:///C:/Users/shara/eclipse-workspace/CucumberTestNG-SwagLabs/src/test/resources/Features/login.feature:21)
]]>
    </failure>
  </testcase> <!-- runScenario -->
  <system-out/>
  <testcase classname="StepDefinitions.TestRunner" name="runScenario" time="9.789"/>
  <system-out/>
</testsuite> <!-- StepDefinitions.TestRunner -->
