<?xml version="1.0" encoding="UTF-8"?>
<!-- Generated by org.testng.reporters.JUnitReportReporter -->
<testsuite hostname="LAPTOP-J15UI2E7" failures="0" tests="8" name="StepDefinitions.TestRunner" time="0.703" errors="8" timestamp="2022-01-13T20:23:32 IST" skipped="0">
  <testcase classname="StepDefinitions.TestRunner" name="runScenario" time="0.455">
    <error message="Input must be set" type="java.lang.IllegalArgumentException">
      <![CDATA[java.lang.IllegalArgumentException: Input must be set
at org.openqa.selenium.internal.Require.nonNull(Require.java:56)
at org.openqa.selenium.support.ui.FluentWait.<init>(FluentWait.java:97)
at org.openqa.selenium.support.ui.WebDriverWait.<init>(WebDriverWait.java:128)
at org.openqa.selenium.support.ui.WebDriverWait.<init>(WebDriverWait.java:61)
at pages.BaseActions.<init>(BaseActions.java:22)
at pages.LoginPageSwagLabs.<init>(LoginPageSwagLabs.java:12)
at StepDefinitions.InventoryPageStepDefs.standard_user_logged_into_swag_labs(InventoryPageStepDefs.java:24)
at ✽.Standard User logged into SwagLabs(file:///C:/Users/shara/eclipse-workspace/CucumberTestNG-SwagLabs/src/test/resources/Features/inventory.feature:5)
]]>
    </error>
  </testcase> <!-- runScenario -->
  <system-out/>
  <testcase classname="StepDefinitions.TestRunner" name="runScenario" time="0.043">
    <error message="Input must be set" type="java.lang.IllegalArgumentException">
      <![CDATA[java.lang.IllegalArgumentException: Input must be set
at org.openqa.selenium.internal.Require.nonNull(Require.java:56)
at org.openqa.selenium.support.ui.FluentWait.<init>(FluentWait.java:97)
at org.openqa.selenium.support.ui.WebDriverWait.<init>(WebDriverWait.java:128)
at org.openqa.selenium.support.ui.WebDriverWait.<init>(WebDriverWait.java:61)
at pages.BaseActions.<init>(BaseActions.java:22)
at pages.LoginPageSwagLabs.<init>(LoginPageSwagLabs.java:12)
at StepDefinitions.InventoryPageStepDefs.standard_user_logged_into_swag_labs(InventoryPageStepDefs.java:24)
at ✽.Standard User logged into SwagLabs(file:///C:/Users/shara/eclipse-workspace/CucumberTestNG-SwagLabs/src/test/resources/Features/inventory.feature:5)
]]>
    </error>
  </testcase> <!-- runScenario -->
  <system-out/>
  <testcase classname="StepDefinitions.TestRunner" name="runScenario" time="0.032">
    <error message="Input must be set" type="java.lang.IllegalArgumentException">
      <![CDATA[java.lang.IllegalArgumentException: Input must be set
at org.openqa.selenium.internal.Require.nonNull(Require.java:56)
at org.openqa.selenium.support.ui.FluentWait.<init>(FluentWait.java:97)
at org.openqa.selenium.support.ui.WebDriverWait.<init>(WebDriverWait.java:128)
at org.openqa.selenium.support.ui.WebDriverWait.<init>(WebDriverWait.java:61)
at pages.BaseActions.<init>(BaseActions.java:22)
at pages.LoginPageSwagLabs.<init>(LoginPageSwagLabs.java:12)
at StepDefinitions.InventoryPageStepDefs.standard_user_logged_into_swag_labs(InventoryPageStepDefs.java:24)
at ✽.Standard User logged into SwagLabs(file:///C:/Users/shara/eclipse-workspace/CucumberTestNG-SwagLabs/src/test/resources/Features/inventory.feature:5)
]]>
    </error>
  </testcase> <!-- runScenario -->
  <system-out/>
  <testcase classname="StepDefinitions.TestRunner" name="runScenario" time="0.025">
    <error message="Input must be set" type="java.lang.IllegalArgumentException">
      <![CDATA[java.lang.IllegalArgumentException: Input must be set
at org.openqa.selenium.internal.Require.nonNull(Require.java:56)
at org.openqa.selenium.support.ui.FluentWait.<init>(FluentWait.java:97)
at org.openqa.selenium.support.ui.WebDriverWait.<init>(WebDriverWait.java:128)
at org.openqa.selenium.support.ui.WebDriverWait.<init>(WebDriverWait.java:61)
at pages.BaseActions.<init>(BaseActions.java:22)
at pages.LoginPageSwagLabs.<init>(LoginPageSwagLabs.java:12)
at StepDefinitions.InventoryPageStepDefs.standard_user_logged_into_swag_labs(InventoryPageStepDefs.java:24)
at ✽.Standard User logged into SwagLabs(file:///C:/Users/shara/eclipse-workspace/CucumberTestNG-SwagLabs/src/test/resources/Features/inventory.feature:5)
]]>
    </error>
  </testcase> <!-- runScenario -->
  <system-out/>
  <testcase classname="StepDefinitions.TestRunner" name="runScenario" time="0.040">
    <error message="Input must be set" type="java.lang.IllegalArgumentException">
      <![CDATA[java.lang.IllegalArgumentException: Input must be set
at org.openqa.selenium.internal.Require.nonNull(Require.java:56)
at org.openqa.selenium.support.ui.FluentWait.<init>(FluentWait.java:97)
at org.openqa.selenium.support.ui.WebDriverWait.<init>(WebDriverWait.java:128)
at org.openqa.selenium.support.ui.WebDriverWait.<init>(WebDriverWait.java:61)
at pages.BaseActions.<init>(BaseActions.java:22)
at pages.LoginPageSwagLabs.<init>(LoginPageSwagLabs.java:12)
at StepDefinitions.InventoryPageStepDefs.standard_user_logged_into_swag_labs(InventoryPageStepDefs.java:24)
at ✽.Standard User logged into SwagLabs(file:///C:/Users/shara/eclipse-workspace/CucumberTestNG-SwagLabs/src/test/resources/Features/inventory.feature:5)
]]>
    </error>
  </testcase> <!-- runScenario -->
  <system-out/>
  <testcase classname="StepDefinitions.TestRunner" name="runScenario" time="0.033">
    <error message="Input must be set" type="java.lang.IllegalArgumentException">
      <![CDATA[java.lang.IllegalArgumentException: Input must be set
at org.openqa.selenium.internal.Require.nonNull(Require.java:56)
at org.openqa.selenium.support.ui.FluentWait.<init>(FluentWait.java:97)
at org.openqa.selenium.support.ui.WebDriverWait.<init>(WebDriverWait.java:128)
at org.openqa.selenium.support.ui.WebDriverWait.<init>(WebDriverWait.java:61)
at pages.BaseActions.<init>(BaseActions.java:22)
at pages.LoginPageSwagLabs.<init>(LoginPageSwagLabs.java:12)
at StepDefinitions.InventoryPageStepDefs.standard_user_logged_into_swag_labs(InventoryPageStepDefs.java:24)
at ✽.Standard User logged into SwagLabs(file:///C:/Users/shara/eclipse-workspace/CucumberTestNG-SwagLabs/src/test/resources/Features/inventory.feature:5)
]]>
    </error>
  </testcase> <!-- runScenario -->
  <system-out/>
  <testcase classname="StepDefinitions.TestRunner" name="runScenario" time="0.033">
    <error message="Input must be set" type="java.lang.IllegalArgumentException">
      <![CDATA[java.lang.IllegalArgumentException: Input must be set
at org.openqa.selenium.internal.Require.nonNull(Require.java:56)
at org.openqa.selenium.support.ui.FluentWait.<init>(FluentWait.java:97)
at org.openqa.selenium.support.ui.WebDriverWait.<init>(WebDriverWait.java:128)
at org.openqa.selenium.support.ui.WebDriverWait.<init>(WebDriverWait.java:61)
at pages.BaseActions.<init>(BaseActions.java:22)
at pages.LoginPageSwagLabs.<init>(LoginPageSwagLabs.java:12)
at StepDefinitions.InventoryPageStepDefs.standard_user_logged_into_swag_labs(InventoryPageStepDefs.java:24)
at ✽.Standard User logged into SwagLabs(file:///C:/Users/shara/eclipse-workspace/CucumberTestNG-SwagLabs/src/test/resources/Features/inventory.feature:5)
]]>
    </error>
  </testcase> <!-- runScenario -->
  <system-out/>
  <testcase classname="StepDefinitions.TestRunner" name="runScenario" time="0.042">
    <error message="Input must be set" type="java.lang.IllegalArgumentException">
      <![CDATA[java.lang.IllegalArgumentException: Input must be set
at org.openqa.selenium.internal.Require.nonNull(Require.java:56)
at org.openqa.selenium.support.ui.FluentWait.<init>(FluentWait.java:97)
at org.openqa.selenium.support.ui.WebDriverWait.<init>(WebDriverWait.java:128)
at org.openqa.selenium.support.ui.WebDriverWait.<init>(WebDriverWait.java:61)
at pages.BaseActions.<init>(BaseActions.java:22)
at pages.LoginPageSwagLabs.<init>(LoginPageSwagLabs.java:12)
at StepDefinitions.InventoryPageStepDefs.standard_user_logged_into_swag_labs(InventoryPageStepDefs.java:24)
at ✽.Standard User logged into SwagLabs(file:///C:/Users/shara/eclipse-workspace/CucumberTestNG-SwagLabs/src/test/resources/Features/inventory.feature:5)
]]>
    </error>
  </testcase> <!-- runScenario -->
  <system-out/>
</testsuite> <!-- StepDefinitions.TestRunner -->
